\BOOKMARK [1][-]{section*.2}{Editorial}{}% 1
\BOOKMARK [1][-]{section*.3}{Palabras de la expresidenta}{}% 2
\BOOKMARK [1][-]{section*.5}{Palabras del presidente}{}% 3
\BOOKMARK [1][-]{section.1}{Manuel J. Castro, nuevo presidente de la SEMA}{}% 4
\BOOKMARK [1][-]{section.2}{Impacto de las redes sociales de la SEMA durante su primer a\361o}{}% 5
\BOOKMARK [2][-]{subsection.2.1}{Evoluci\363n del perfil de Twitter}{section.2}% 6
\BOOKMARK [2][-]{subsection.2.2}{Perfiles de Instagram y Facebook}{section.2}% 7
\BOOKMARK [2][-]{subsection.2.3}{Balance del primer a\361o}{section.2}% 8
\BOOKMARK [1][-]{section.3}{Joaquim Serra y su universo matem\341tico}{}% 9
\BOOKMARK [1][-]{section.4}{XXVI CEDYA / XVI CMA Gij\363n}{}% 10
\BOOKMARK [2][-]{subsection.4.1}{Antecedentes}{section.4}% 11
\BOOKMARK [2][-]{subsection.4.2}{Congreso online}{section.4}% 12
\BOOKMARK [2][-]{subsection.4.3}{Inscripci\363n}{section.4}% 13
\BOOKMARK [2][-]{subsection.4.4}{Open call}{section.4}% 14
\BOOKMARK [1][-]{section.5}{Convocatoria del XXIV Premio SEMA <<Antonio Valle>> al Joven Investigador \(2021\)}{}% 15
\BOOKMARK [2][-]{subsection.5.1}{Pre\341mbulo}{section.5}% 16
\BOOKMARK [2][-]{subsection.5.2}{Bases generales}{section.5}% 17
\BOOKMARK [2][-]{subsection.5.3}{Bases particulares de la convocatoria 2021}{section.5}% 18
\BOOKMARK [1][-]{section.6}{Noticias}{}% 19
\BOOKMARK [2][-]{subsection.6.1}{Asamblea de la Asociaci\363n ICIAM2019}{section.6}% 20
\BOOKMARK [2][-]{subsection.6.2}{El profesor Luis V\341zquez Mart\355nez recibe el <<Premio Liouville>>}{section.6}% 21
\BOOKMARK [2][-]{subsection.6.3}{Obituario: Carles Perell\363 i Valls, 1932-2021}{section.6}% 22
\BOOKMARK [1][-]{section.7}{Anuncios}{}% 23
\BOOKMARK [2][-]{subsection.7.1}{International call: Director, International Centre for Mathematical Sciences}{section.7}% 24
\BOOKMARK [2][-]{subsection.7.2}{SAYAS NUMERICS SEMINAR in Spring 2021}{section.7}% 25
\BOOKMARK [2][-]{subsection.7.3}{Premios de Investigaci\363n Matem\341tica Vicent Caselles, Real Sociedad Matem\341tica Espa\361ola - Fundaci\363n BBVA. Convocatoria 2021}{section.7}% 26
\BOOKMARK [2][-]{subsection.7.4}{163 European Study Group with Industry, 12-16 julio 2021, online}{section.7}% 27
\BOOKMARK [2][-]{subsection.7.5}{XIX Escuela Hispano-Francesa Jacques-Louis Lions sobre Simulaci\363n Num\351rica en F\355sica e Ingenier\355a}{section.7}% 28
\BOOKMARK [2][-]{subsection.7.6}{VI ECCOMAS Young Investigators Conference}{section.7}% 29
\BOOKMARK [2][-]{subsection.7.7}{PARTICLES 2021, VII International Conference on Particle-Based Methods, 4-6 October 2021, Hamburg, Germany}{section.7}% 30
\BOOKMARK [2][-]{subsection.7.8}{COMPOSITES 2021, VIII Conference on the Mechanical Response of Composites, 22-24 September 2021, Gothenburg, Sweden}{section.7}% 31
\BOOKMARK [3][-]{subsubsection.7.8.1}{Chairs of COMPOSITES 2021}{subsection.7.8}% 32
\BOOKMARK [2][-]{subsection.7.9}{Actividades del Instituto de Matem\341ticas de la Universidad de Sevilla, IMUS}{section.7}% 33
\BOOKMARK [2][-]{subsection.7.10}{Basque Center for Applied Mathematics}{section.7}% 34
\BOOKMARK [1][-]{section.8}{SEMA Journal}{}% 35
\BOOKMARK [1][-]{section.9}{\277C\363mo est\341 hecho el cuadrado de la portada con la espiral de ?}{}% 36
\BOOKMARK [1][-]{section.10}{Socios institucionales}{}% 37
